<?xml version="1.0" encoding="UTF-8"?>
<!-- Generated by org.testng.reporters.JUnitReportReporter -->
<testsuite skipped="0" hostname="DESKTOP-1JFG128" name="com.bank.qa.test.CreateNewCntTest" tests="3" failures="0" timestamp="16 Mar 2020 07:51:54 GMT" time="93.214" errors="0">
  <testcase name="validateTestData" time="30.466" classname="com.bank.qa.test.CreateNewCntTest"/>
  <testcase name="validateTestData" time="32.301" classname="com.bank.qa.test.CreateNewCntTest"/>
  <testcase name="validateTestData" time="30.447" classname="com.bank.qa.test.CreateNewCntTest"/>
</testsuite> <!-- com.bank.qa.test.CreateNewCntTest -->
