<?xml version="1.0" encoding="UTF-8"?>
<!-- Generated by org.testng.reporters.JUnitReportReporter -->
<testsuite skipped="0" hostname="DESKTOP-1JFG128" name="com.bank.qa.test.ContactTest" tests="1" failures="0" timestamp="16 Mar 2020 07:51:54 GMT" time="26.188" errors="0">
  <testcase name="clickOnNewBtn" time="26.188" classname="com.bank.qa.test.ContactTest"/>
</testsuite> <!-- com.bank.qa.test.ContactTest -->
