<?xml version="1.0" encoding="UTF-8"?>
<!-- Generated by org.testng.reporters.JUnitReportReporter -->
<testsuite skipped="0" hostname="DESKTOP-1JFG128" name="com.bank.qa.test.CreateNewCntTest" tests="3" failures="0" timestamp="16 Mar 2020 08:24:51 GMT" time="146.836" errors="0">
  <testcase name="validateTestData" time="68.976" classname="com.bank.qa.test.CreateNewCntTest"/>
  <testcase name="validateTestData" time="41.879" classname="com.bank.qa.test.CreateNewCntTest"/>
  <testcase name="validateTestData" time="35.981" classname="com.bank.qa.test.CreateNewCntTest"/>
</testsuite> <!-- com.bank.qa.test.CreateNewCntTest -->
