<?xml version="1.0" encoding="UTF-8"?>
<!-- Generated by org.testng.reporters.JUnitReportReporter -->
<testsuite skipped="0" hostname="DESKTOP-1JFG128" name="com.bank.qa.test.HomePageTest" tests="1" failures="0" timestamp="16 Mar 2020 08:24:51 GMT" time="28.541" errors="0">
  <testcase name="giveUnPsdTest" time="28.541" classname="com.bank.qa.test.HomePageTest"/>
</testsuite> <!-- com.bank.qa.test.HomePageTest -->
