<?xml version="1.0" encoding="UTF-8"?>
<!-- Generated by org.testng.reporters.JUnitReportReporter -->
<testsuite skipped="0" hostname="DESKTOP-1JFG128" name="com.bank.qa.test.LoginPageTest" tests="2" failures="0" timestamp="16 Mar 2020 08:24:51 GMT" time="40.079" errors="0">
  <testcase name="loginPageTitleTest" time="21.999" classname="com.bank.qa.test.LoginPageTest"/>
  <testcase name="loginPageValidTest" time="18.080" classname="com.bank.qa.test.LoginPageTest"/>
</testsuite> <!-- com.bank.qa.test.LoginPageTest -->
