<?xml version="1.0" encoding="UTF-8"?>
<!-- Generated by org.testng.reporters.JUnitReportReporter -->
<testsuite skipped="0" hostname="DESKTOP-1JFG128" name="com.bank.qa.test.ContactTest" tests="1" failures="0" timestamp="16 Mar 2020 08:24:51 GMT" time="40.715" errors="0">
  <testcase name="clickOnNewBtn" time="40.715" classname="com.bank.qa.test.ContactTest"/>
</testsuite> <!-- com.bank.qa.test.ContactTest -->
